<?xml version="1.0" encoding="UTF-8"?>
<!-- Generated by org.testng.reporters.JUnitReportReporter -->
<testsuite skipped="0" hostname="ttuser10-Lenovo-S510" name="satguru.scripts.RoundTripTest" tests="1" failures="0" timestamp="18 Jul 2018 10:40:00 GMT" time="190.416" errors="0">
  <testcase name="RoundtripTckt" time="190.416" classname="satguru.scripts.RoundTripTest"/>
</testsuite> <!-- satguru.scripts.RoundTripTest -->
