<?xml version="1.0" encoding="UTF-8"?>
<!-- Generated by org.testng.reporters.JUnitReportReporter -->
<testsuite skipped="0" hostname="ttuser10-Lenovo-S510" name="satguru.scripts.LoginTest" tests="1" failures="0" timestamp="17 Feb 2018 05:56:30 GMT" time="18.371" errors="0">
  <testcase name="ValidLoginTest" time="18.371" classname="satguru.scripts.LoginTest"/>
</testsuite> <!-- satguru.scripts.LoginTest -->
