<?xml version="1.0" encoding="UTF-8"?>
<!-- Generated by org.testng.reporters.JUnitReportReporter -->
<testsuite skipped="0" hostname="ttuser10-Lenovo-S510" name="satguru.scripts.MulticityTripTest" tests="1" failures="0" timestamp="18 Jun 2018 12:30:52 GMT" time="160.755" errors="0">
  <testcase name="MulticityTckt" time="160.755" classname="satguru.scripts.MulticityTripTest"/>
</testsuite> <!-- satguru.scripts.MulticityTripTest -->
