<?xml version="1.0" encoding="UTF-8"?>
<!-- Generated by org.testng.reporters.JUnitReportReporter -->
<testsuite skipped="0" hostname="ttuser10-Lenovo-S510" name="satguru.scripts.FlightPlusInsuranceTest" tests="1" failures="0" timestamp="18 Jul 2018 10:40:00 GMT" time="176.564" errors="0">
  <testcase name="RoundtripTckt" time="176.564" classname="satguru.scripts.FlightPlusInsuranceTest"/>
</testsuite> <!-- satguru.scripts.FlightPlusInsuranceTest -->
