<?xml version="1.0" encoding="UTF-8"?>
<!-- Generated by org.testng.reporters.JUnitReportReporter -->
<testsuite skipped="0" hostname="ttuser10-Lenovo-S510" name="satguru.scripts.RoundTripTest" tests="1" failures="0" timestamp="18 Jun 2018 12:30:52 GMT" time="127.631" errors="0">
  <testcase name="RoundtripTckt" time="127.631" classname="satguru.scripts.RoundTripTest"/>
</testsuite> <!-- satguru.scripts.RoundTripTest -->
